SmallHappypay/app/build/outputs/logs/manifest-merger-debug-report.txt
-- Merging decision tree log ---
manifest
ADDED from src\main\AndroidManifest.xml:2:1-81:12
INJECTED from src\main\AndroidManifest.xml:2:1-81:12
INJECTED from src\main\AndroidManifest.xml:2:1-81:12
INJECTED from src\main\AndroidManifest.xml:2:1-81:12
MERGED from [:mvp] AndroidManifest.xml:2:1-17:12
MERGED from [org.xutils:xutils:3.5.0] AndroidManifest.xml:2:1-14:12
MERGED from [com.zhy:base-adapter:3.0.3] AndroidManifest.xml:2:1-11:12
MERGED from [cn.yipianfengye.android:zxing-library:2.1] AndroidManifest.xml:2:1-20:12
MERGED from [pub.devrel:easypermissions:0.2.0] AndroidManifest.xml:2:1-14:12
MERGED from [com.huxq17.xrefreshview:xrefreshview:3.6.5] AndroidManifest.xml:2:1-12:12
MERGED from [com.mylhyl:cygadapter:1.1.0] AndroidManifest.xml:2:1-14:12
MERGED from [com.mylhyl:circleDialog:2.1.6] AndroidManifest.xml:2:1-14:12
MERGED from [com.androidkun:XTabLayout:1.1.1] AndroidManifest.xml:2:1-16:12
MERGED from [com.zhy:base-rvadapter:3.0.3] AndroidManifest.xml:2:1-12:12
MERGED from [com.zhy:okhttputils:2.6.2] AndroidManifest.xml:2:1-11:12
MERGED from [liji.library.dev:citypickerview:2.0.1] AndroidManifest.xml:2:1-19:12
MERGED from [com.flyco.tablayout:FlycoTabLayout_Lib:2.1.2] AndroidManifest.xml:2:1-12:12
MERGED from [com.jcodecraeer:xrecyclerview:1.2.7] AndroidManifest.xml:2:1-13:12
MERGED from [com.android.support.constraint:constraint-layout:1.1.0] AndroidManifest.xml:2:1-11:12
MERGED from [com.qmuiteam:qmui:1.0.6] AndroidManifest.xml:2:1-10:12
MERGED from [com.qmuiteam:arch:0.0.1] AndroidManifest.xml:2:1-9:12
MERGED from [com.youth.banner:banner:1.4.10] AndroidManifest.xml:2:1-11:12
MERGED from [com.jaeger.ninegridimageview:library:1.1.1] AndroidManifest.xml:2:1-17:12
MERGED from [com.github.wenchaosong:OCR_identify:3.0.8] AndroidManifest.xml:2:1-12:12
MERGED from [:facesdk] AndroidManifest.xml:3:1-20:12
MERGED from [com.android.support:multidex:1.0.2] AndroidManifest.xml:17:1-22:12
MERGED from [com.android.support:design:23.3.0] AndroidManifest.xml:17:1-24:12
MERGED from [com.trello.rxlifecycle2:rxlifecycle-components:2.0.1] AndroidManifest.xml:13:1-19:12
MERGED from [com.android.support:appcompat-v7:23.3.0] AndroidManifest.xml:17:1-27:12
MERGED from [com.github.limedroid:ARecyclerView:v1.1.5] AndroidManifest.xml:2:1-16:12
MERGED from [com.android.support:recyclerview-v7:23.3.0] AndroidManifest.xml:17:1-22:12
MERGED from [com.android.support:animated-vector-drawable:23.3.0] AndroidManifest.xml:2:1-9:12
MERGED from [com.android.support:support-vector-drawable:23.3.0] AndroidManifest.xml:2:1-9:12
MERGED from [com.android.support:support-v4:23.3.0] AndroidManifest.xml:17:1-24:12
MERGED from [com.jakewharton:butterknife:8.4.0] AndroidManifest.xml:2:1-7:12
MERGED from [com.trello.rxlifecycle2:rxlifecycle-android:2.0.1] AndroidManifest.xml:13:1-19:12
MERGED from [io.reactivex.rxjava2:rxandroid:2.0.1] AndroidManifest.xml:15:1-21:12
MERGED from [com.tbruyelle.rxpermissions2:rxpermissions:0.9.3] AndroidManifest.xml:2:1-13:12
MERGED from [com.github.limedroid:XStateController:v1.1.1] AndroidManifest.xml:2:1-17:12
INJECTED from src\main\AndroidManifest.xml:2:1-81:12
INJECTED from src\main\AndroidManifest.xml:2:1-81:12
INJECTED from src\main\AndroidManifest.xml:2:1-81:12
	package
		ADDED from src\main\AndroidManifest.xml:3:5-54
		INJECTED from src\main\AndroidManifest.xml
		INJECTED from src\main\AndroidManifest.xml
	android:versionName
		INJECTED from src\main\AndroidManifest.xml
		ADDED from src\main\AndroidManifest.xml:2:1-81:12
		INJECTED from src\main\AndroidManifest.xml
	android:versionCode
		INJECTED from src\main\AndroidManifest.xml
		ADDED from src\main\AndroidManifest.xml:2:1-81:12
		INJECTED from src\main\AndroidManifest.xml
	xmlns:android
		ADDED from src\main\AndroidManifest.xml:2:11-69
uses-permission#android.permission.BLUETOOTH
ADDED from src\main\AndroidManifest.xml:5:5-68
	android:name
		ADDED from src\main\AndroidManifest.xml:5:22-65
uses-permission#android.permission.BLUETOOTH_ADMIN
ADDED from src\main\AndroidManifest.xml:6:5-74
	android:name
		ADDED from src\main\AndroidManifest.xml:6:22-71
uses-permission#android.permission.WRITE_EXTERNAL_STORAGE
ADDED from src\main\AndroidManifest.xml:7:5-81
	android:name
		ADDED from src\main\AndroidManifest.xml:7:22-78
uses-permission#android.permission.ACCESS_WIFI_STATE
ADDED from src\main\AndroidManifest.xml:8:5-76
	android:name
		ADDED from src\main\AndroidManifest.xml:8:22-73
uses-permission#android.permission.ACCESS_NETWORK_STATE
ADDED from src\main\AndroidManifest.xml:9:5-79
	android:name
		ADDED from src\main\AndroidManifest.xml:9:22-76
uses-permission#android.permission.INTERNET
ADDED from src\main\AndroidManifest.xml:10:5-67
	android:name
		ADDED from src\main\AndroidManifest.xml:10:22-64
uses-permission#android.permission.ACCESS_COARSE_LOCATION
ADDED from src\main\AndroidManifest.xml:11:5-81
	android:name
		ADDED from src\main\AndroidManifest.xml:11:22-78
uses-permission#android.permission.READ_PHONE_STATE
ADDED from src\main\AndroidManifest.xml:12:5-75
	android:name
		ADDED from src\main\AndroidManifest.xml:12:22-72
uses-permission#android.permission.READ_LOGS
ADDED from src\main\AndroidManifest.xml:13:5-68
	android:name
		ADDED from src\main\AndroidManifest.xml:13:22-65
uses-permission#android.permission.READ_EXTERNAL_STORAGE
ADDED from src\main\AndroidManifest.xml:14:5-80
	android:name
		ADDED from src\main\AndroidManifest.xml:14:22-77
uses-permission#android.permission.CAMERA
ADDED from src\main\AndroidManifest.xml:17:5-65
MERGED from [:facesdk] AndroidManifest.xml:12:5-65
MERGED from [:facesdk] AndroidManifest.xml:12:5-65
	android:name
		ADDED from src\main\AndroidManifest.xml:17:22-62
uses-permission#android.permission.ACCESS_FINE_LOCATION
ADDED from src\main\AndroidManifest.xml:19:5-79
	android:name
		ADDED from src\main\AndroidManifest.xml:19:22-76
uses-feature#android.hardware.camera2.full
ADDED from src\main\AndroidManifest.xml:21:5-66
	android:name
		ADDED from src\main\AndroidManifest.xml:21:19-63
uses-feature#android.hardware.camera
ADDED from src\main\AndroidManifest.xml:22:5-60
	android:name
		ADDED from src\main\AndroidManifest.xml:22:19-57
uses-feature#android.hardware.camera.autofocus
ADDED from src\main\AndroidManifest.xml:23:5-70
	android:name
		ADDED from src\main\AndroidManifest.xml:23:19-67
uses-feature#android.hardware.location.gps
ADDED from src\main\AndroidManifest.xml:24:5-66
	android:name
		ADDED from src\main\AndroidManifest.xml:24:19-63
application
ADDED from src\main\AndroidManifest.xml:26:5-79:19
MERGED from [:mvp] AndroidManifest.xml:11:5-15:19
MERGED from [:mvp] AndroidManifest.xml:11:5-15:19
MERGED from [org.xutils:xutils:3.5.0] AndroidManifest.xml:12:5-20
MERGED from [org.xutils:xutils:3.5.0] AndroidManifest.xml:12:5-20
MERGED from [cn.yipianfengye.android:zxing-library:2.1] AndroidManifest.xml:11:5-18:19
MERGED from [cn.yipianfengye.android:zxing-library:2.1] AndroidManifest.xml:11:5-18:19
MERGED from [pub.devrel:easypermissions:0.2.0] AndroidManifest.xml:12:5-20
MERGED from [pub.devrel:easypermissions:0.2.0] AndroidManifest.xml:12:5-20
MERGED from [com.mylhyl:cygadapter:1.1.0] AndroidManifest.xml:12:5-20
MERGED from [com.mylhyl:cygadapter:1.1.0] AndroidManifest.xml:12:5-20
MERGED from [com.mylhyl:circleDialog:2.1.6] AndroidManifest.xml:12:5-20
MERGED from [com.mylhyl:circleDialog:2.1.6] AndroidManifest.xml:12:5-20
MERGED from [com.androidkun:XTabLayout:1.1.1] AndroidManifest.xml:11:5-14:19
MERGED from [com.androidkun:XTabLayout:1.1.1] AndroidManifest.xml:11:5-14:19
MERGED from [liji.library.dev:citypickerview:2.0.1] AndroidManifest.xml:11:5-17:19
MERGED from [liji.library.dev:citypickerview:2.0.1] AndroidManifest.xml:11:5-17:19
MERGED from [com.jcodecraeer:xrecyclerview:1.2.7] AndroidManifest.xml:11:5-20
MERGED from [com.jcodecraeer:xrecyclerview:1.2.7] AndroidManifest.xml:11:5-20
MERGED from [com.android.support.constraint:constraint-layout:1.1.0] AndroidManifest.xml:9:5-20
MERGED from [com.android.support.constraint:constraint-layout:1.1.0] AndroidManifest.xml:9:5-20
MERGED from [com.jaeger.ninegridimageview:library:1.1.1] AndroidManifest.xml:11:5-15:19
MERGED from [com.jaeger.ninegridimageview:library:1.1.1] AndroidManifest.xml:11:5-15:19
MERGED from [:facesdk] AndroidManifest.xml:14:5-18:19
MERGED from [:facesdk] AndroidManifest.xml:14:5-18:19
MERGED from [com.android.support:design:23.3.0] AndroidManifest.xml:22:5-20
MERGED from [com.android.support:design:23.3.0] AndroidManifest.xml:22:5-20
MERGED from [com.android.support:appcompat-v7:23.3.0] AndroidManifest.xml:25:5-20
MERGED from [com.android.support:appcompat-v7:23.3.0] AndroidManifest.xml:25:5-20
MERGED from [com.github.limedroid:ARecyclerView:v1.1.5] AndroidManifest.xml:10:5-14:19
MERGED from [com.github.limedroid:ARecyclerView:v1.1.5] AndroidManifest.xml:10:5-14:19
MERGED from [com.android.support:animated-vector-drawable:23.3.0] AndroidManifest.xml:7:5-20
MERGED from [com.android.support:animated-vector-drawable:23.3.0] AndroidManifest.xml:7:5-20
MERGED from [com.android.support:support-vector-drawable:23.3.0] AndroidManifest.xml:7:5-20
MERGED from [com.android.support:support-vector-drawable:23.3.0] AndroidManifest.xml:7:5-20
MERGED from [com.android.support:support-v4:23.3.0] AndroidManifest.xml:22:5-20
MERGED from [com.android.support:support-v4:23.3.0] AndroidManifest.xml:22:5-20
MERGED from [com.tbruyelle.rxpermissions2:rxpermissions:0.9.3] AndroidManifest.xml:11:5-20
MERGED from [com.tbruyelle.rxpermissions2:rxpermissions:0.9.3] AndroidManifest.xml:11:5-20
MERGED from [com.github.limedroid:XStateController:v1.1.1] AndroidManifest.xml:11:5-15:19
MERGED from [com.github.limedroid:XStateController:v1.1.1] AndroidManifest.xml:11:5-15:19
	android:supportsRtl
		ADDED from src\main\AndroidManifest.xml:32:9-35
	android:label
		ADDED from src\main\AndroidManifest.xml:30:9-41
	android:roundIcon
		ADDED from src\main\AndroidManifest.xml:31:9-43
	android:icon
		ADDED from src\main\AndroidManifest.xml:29:9-38
	android:allowBackup
		ADDED from src\main\AndroidManifest.xml:28:9-35
	android:theme
		ADDED from src\main\AndroidManifest.xml:33:9-43
	android:name
		ADDED from src\main\AndroidManifest.xml:27:9-28
activity#com.example.administrator.smallhappypay.MainActivity
ADDED from src\main\AndroidManifest.xml:34:9-50
	android:name
		ADDED from src\main\AndroidManifest.xml:34:19-47
activity#com.example.administrator.smallhappypay.activity.RegisterActivity
ADDED from src\main\AndroidManifest.xml:35:9-63
	android:name
		ADDED from src\main\AndroidManifest.xml:35:19-60
activity#com.example.administrator.smallhappypay.activity.LoginActivity
ADDED from src\main\AndroidManifest.xml:36:9-69
	android:name
		ADDED from src\main\AndroidManifest.xml:36:19-57
activity#com.example.administrator.smallhappypay.activity.ForgetActivity
ADDED from src\main\AndroidManifest.xml:37:9-61
	android:name
		ADDED from src\main\AndroidManifest.xml:37:19-58
activity#com.example.administrator.smallhappypay.activity.MccRateActivity
ADDED from src\main\AndroidManifest.xml:38:9-62
	android:name
		ADDED from src\main\AndroidManifest.xml:38:19-59
activity#com.example.administrator.smallhappypay.activity.AuthActivity
ADDED from src\main\AndroidManifest.xml:39:9-59
	android:name
		ADDED from src\main\AndroidManifest.xml:39:19-56
activity#com.example.administrator.smallhappypay.activity.listview.AreaActivity
ADDED from src\main\AndroidManifest.xml:40:9-68
	android:name
		ADDED from src\main\AndroidManifest.xml:40:19-65
activity#com.example.administrator.smallhappypay.activity.listview.BankListActivity
ADDED from src\main\AndroidManifest.xml:41:9-72
	android:name
		ADDED from src\main\AndroidManifest.xml:41:19-69
activity#com.example.administrator.smallhappypay.activity.listview.ProvinceListActivity
ADDED from src\main\AndroidManifest.xml:42:9-76
	android:name
		ADDED from src\main\AndroidManifest.xml:42:19-73
activity#com.example.administrator.smallhappypay.activity.listview.CityActivity
ADDED from src\main\AndroidManifest.xml:43:9-68
	android:name
		ADDED from src\main\AndroidManifest.xml:43:19-65
activity#com.example.administrator.smallhappypay.activity.WaterActivity
ADDED from src\main\AndroidManifest.xml:44:9-60
	android:name
		ADDED from src\main\AndroidManifest.xml:44:19-57
activity#com.example.administrator.smallhappypay.activity.BankInfoActivity
ADDED from src\main\AndroidManifest.xml:45:9-63
	android:name
		ADDED from src\main\AndroidManifest.xml:45:19-60
activity#com.example.administrator.smallhappypay.activity.binding.MachineBindingOneActivity
ADDED from src\main\AndroidManifest.xml:46:9-80
	android:name
		ADDED from src\main\AndroidManifest.xml:46:19-77
activity#com.example.administrator.smallhappypay.activity.binding.MachineBindingTwoActivity
ADDED from src\main\AndroidManifest.xml:47:9-80
	android:name
		ADDED from src\main\AndroidManifest.xml:47:19-77
activity#com.example.administrator.smallhappypay.activity.binding.MachineBindingThreeActivity
ADDED from src\main\AndroidManifest.xml:48:9-82
	android:name
		ADDED from src\main\AndroidManifest.xml:48:19-79
activity#com.example.administrator.smallhappypay.activity.MachineAllInfoActivity
ADDED from src\main\AndroidManifest.xml:49:9-69
	android:name
		ADDED from src\main\AndroidManifest.xml:49:19-66
activity#com.example.administrator.smallhappypay.activity.UnbindOneActivity
ADDED from src\main\AndroidManifest.xml:50:9-64
	android:name
		ADDED from src\main\AndroidManifest.xml:50:19-61
activity#com.example.administrator.smallhappypay.activity.SetActivity
ADDED from src\main\AndroidManifest.xml:51:9-58
	android:name
		ADDED from src\main\AndroidManifest.xml:51:19-55
activity#com.example.administrator.smallhappypay.face.RegActivity
ADDED from src\main\AndroidManifest.xml:52:9-54:52
	android:screenOrientation
		ADDED from src\main\AndroidManifest.xml:54:13-49
	android:name
		ADDED from src\main\AndroidManifest.xml:53:13-45
activity#com.example.administrator.smallhappypay.face.VerifyLoginActivity
ADDED from src\main\AndroidManifest.xml:55:9-62
	android:name
		ADDED from src\main\AndroidManifest.xml:55:19-59
activity#com.example.administrator.smallhappypay.face.LoginResultActivity
ADDED from src\main\AndroidManifest.xml:56:9-62
	android:name
		ADDED from src\main\AndroidManifest.xml:56:19-59
activity#com.example.administrator.smallhappypay.face.DetectLoginActivity
ADDED from src\main\AndroidManifest.xml:57:9-62
	android:name
		ADDED from src\main\AndroidManifest.xml:57:19-59
activity#com.example.administrator.smallhappypay.face.FaceDetectActivity
ADDED from src\main\AndroidManifest.xml:58:9-61
	android:name
		ADDED from src\main\AndroidManifest.xml:58:19-58
activity#com.example.administrator.smallhappypay.activity.PayProductActivity
ADDED from src\main\AndroidManifest.xml:59:9-65
	android:name
		ADDED from src\main\AndroidManifest.xml:59:19-62
activity#com.example.administrator.smallhappypay.activity.FaceLoginNewActivity
ADDED from src\main\AndroidManifest.xml:60:9-67
	android:name
		ADDED from src\main\AndroidManifest.xml:60:19-64
activity#com.example.administrator.smallhappypay.activity.PayProductChildActivity
ADDED from src\main\AndroidManifest.xml:61:9-70
	android:name
		ADDED from src\main\AndroidManifest.xml:61:19-67
activity#com.example.administrator.smallhappypay.activity.QuestionActivity
ADDED from src\main\AndroidManifest.xml:62:9-63
	android:name
		ADDED from src\main\AndroidManifest.xml:62:19-60
activity#com.example.administrator.smallhappypay.activity.UnbindTwoActivity
ADDED from src\main\AndroidManifest.xml:63:9-64
	android:name
		ADDED from src\main\AndroidManifest.xml:63:19-61
activity#com.example.administrator.smallhappypay.activity.UnbindThreeActivity
ADDED from src\main\AndroidManifest.xml:64:9-66
	android:name
		ADDED from src\main\AndroidManifest.xml:64:19-63
activity#com.example.administrator.smallhappypay.activity.ChartActivity
ADDED from src\main\AndroidManifest.xml:65:9-67:20
	android:name
		ADDED from src\main\AndroidManifest.xml:65:19-57
activity#com.example.administrator.smallhappypay.activity.test.MPChartDemo
ADDED from src\main\AndroidManifest.xml:68:9-72
	android:name
		ADDED from src\main\AndroidManifest.xml:68:19-60
activity#com.example.administrator.smallhappypay.activity.test.ChartTwoActivity
ADDED from src\main\AndroidManifest.xml:69:9-77
	android:name
		ADDED from src\main\AndroidManifest.xml:69:19-65
activity#com.example.administrator.smallhappypay.TestActivity
ADDED from src\main\AndroidManifest.xml:70:9-78:20
	android:name
		ADDED from src\main\AndroidManifest.xml:70:19-47
intent-filter#android.intent.action.MAIN+android.intent.category.LAUNCHER
ADDED from src\main\AndroidManifest.xml:72:13-76:29
action#android.intent.action.MAIN
ADDED from src\main\AndroidManifest.xml:73:17-69
	android:name
		ADDED from src\main\AndroidManifest.xml:73:25-66
category#android.intent.category.LAUNCHER
ADDED from src\main\AndroidManifest.xml:75:17-77
	android:name
		ADDED from src\main\AndroidManifest.xml:75:27-74
uses-sdk
INJECTED from src\main\AndroidManifest.xml reason: use-sdk injection requested
INJECTED from src\main\AndroidManifest.xml
INJECTED from src\main\AndroidManifest.xml
MERGED from [:mvp] AndroidManifest.xml:7:5-9:41
MERGED from [:mvp] AndroidManifest.xml:7:5-9:41
MERGED from [org.xutils:xutils:3.5.0] AndroidManifest.xml:8:5-10:41
MERGED from [org.xutils:xutils:3.5.0] AndroidManifest.xml:8:5-10:41
MERGED from [com.zhy:base-adapter:3.0.3] AndroidManifest.xml:7:5-9:41
MERGED from [com.zhy:base-adapter:3.0.3] AndroidManifest.xml:7:5-9:41
MERGED from [cn.yipianfengye.android:zxing-library:2.1] AndroidManifest.xml:7:5-9:41
MERGED from [cn.yipianfengye.android:zxing-library:2.1] AndroidManifest.xml:7:5-9:41
MERGED from [pub.devrel:easypermissions:0.2.0] AndroidManifest.xml:8:5-10:41
MERGED from [pub.devrel:easypermissions:0.2.0] AndroidManifest.xml:8:5-10:41
MERGED from [com.huxq17.xrefreshview:xrefreshview:3.6.5] AndroidManifest.xml:8:5-10:41
MERGED from [com.huxq17.xrefreshview:xrefreshview:3.6.5] AndroidManifest.xml:8:5-10:41
MERGED from [com.mylhyl:cygadapter:1.1.0] AndroidManifest.xml:8:5-10:41
MERGED from [com.mylhyl:cygadapter:1.1.0] AndroidManifest.xml:8:5-10:41
MERGED from [com.mylhyl:circleDialog:2.1.6] AndroidManifest.xml:8:5-10:41
MERGED from [com.mylhyl:circleDialog:2.1.6] AndroidManifest.xml:8:5-10:41
MERGED from [com.androidkun:XTabLayout:1.1.1] AndroidManifest.xml:7:5-9:41
MERGED from [com.androidkun:XTabLayout:1.1.1] AndroidManifest.xml:7:5-9:41
MERGED from [com.zhy:base-rvadapter:3.0.3] AndroidManifest.xml:8:5-10:41
MERGED from [com.zhy:base-rvadapter:3.0.3] AndroidManifest.xml:8:5-10:41
MERGED from [com.zhy:okhttputils:2.6.2] AndroidManifest.xml:7:5-9:41
MERGED from [com.zhy:okhttputils:2.6.2] AndroidManifest.xml:7:5-9:41
MERGED from [liji.library.dev:citypickerview:2.0.1] AndroidManifest.xml:7:5-9:41
MERGED from [liji.library.dev:citypickerview:2.0.1] AndroidManifest.xml:7:5-9:41
MERGED from [com.flyco.tablayout:FlycoTabLayout_Lib:2.1.2] AndroidManifest.xml:8:5-10:41
MERGED from [com.flyco.tablayout:FlycoTabLayout_Lib:2.1.2] AndroidManifest.xml:8:5-10:41
MERGED from [com.jcodecraeer:xrecyclerview:1.2.7] AndroidManifest.xml:7:5-9:41
MERGED from [com.jcodecraeer:xrecyclerview:1.2.7] AndroidManifest.xml:7:5-9:41
MERGED from [com.android.support.constraint:constraint-layout:1.1.0] AndroidManifest.xml:5:5-7:41
MERGED from [com.android.support.constraint:constraint-layout:1.1.0] AndroidManifest.xml:5:5-7:41
MERGED from [com.qmuiteam:qmui:1.0.6] AndroidManifest.xml:6:5-8:41
MERGED from [com.qmuiteam:qmui:1.0.6] AndroidManifest.xml:6:5-8:41
MERGED from [com.qmuiteam:arch:0.0.1] AndroidManifest.xml:5:5-7:41
MERGED from [com.qmuiteam:arch:0.0.1] AndroidManifest.xml:5:5-7:41
MERGED from [com.youth.banner:banner:1.4.10] AndroidManifest.xml:7:5-9:41
MERGED from [com.youth.banner:banner:1.4.10] AndroidManifest.xml:7:5-9:41
MERGED from [com.jaeger.ninegridimageview:library:1.1.1] AndroidManifest.xml:7:5-9:41
MERGED from [com.jaeger.ninegridimageview:library:1.1.1] AndroidManifest.xml:7:5-9:41
MERGED from [com.github.wenchaosong:OCR_identify:3.0.8] AndroidManifest.xml:8:5-10:41
MERGED from [com.github.wenchaosong:OCR_identify:3.0.8] AndroidManifest.xml:8:5-10:41
MERGED from [:facesdk] AndroidManifest.xml:8:5-10:41
MERGED from [:facesdk] AndroidManifest.xml:8:5-10:41
MERGED from [com.android.support:multidex:1.0.2] AndroidManifest.xml:20:5-43
MERGED from [com.android.support:multidex:1.0.2] AndroidManifest.xml:20:5-43
MERGED from [com.android.support:design:23.3.0] AndroidManifest.xml:20:5-43
MERGED from [com.android.support:design:23.3.0] AndroidManifest.xml:20:5-43
MERGED from [com.trello.rxlifecycle2:rxlifecycle-components:2.0.1] AndroidManifest.xml:17:5-44
MERGED from [com.trello.rxlifecycle2:rxlifecycle-components:2.0.1] AndroidManifest.xml:17:5-44
MERGED from [com.android.support:appcompat-v7:23.3.0] AndroidManifest.xml:21:5-23:78
MERGED from [com.android.support:appcompat-v7:23.3.0] AndroidManifest.xml:21:5-23:78
MERGED from [com.github.limedroid:ARecyclerView:v1.1.5] AndroidManifest.xml:6:5-8:41
MERGED from [com.github.limedroid:ARecyclerView:v1.1.5] AndroidManifest.xml:6:5-8:41
MERGED from [com.android.support:recyclerview-v7:23.3.0] AndroidManifest.xml:20:5-43
MERGED from [com.android.support:recyclerview-v7:23.3.0] AndroidManifest.xml:20:5-43
MERGED from [com.android.support:animated-vector-drawable:23.3.0] AndroidManifest.xml:5:5-44
MERGED from [com.android.support:animated-vector-drawable:23.3.0] AndroidManifest.xml:5:5-44
MERGED from [com.android.support:support-vector-drawable:23.3.0] AndroidManifest.xml:5:5-43
MERGED from [com.android.support:support-vector-drawable:23.3.0] AndroidManifest.xml:5:5-43
MERGED from [com.android.support:support-v4:23.3.0] AndroidManifest.xml:20:5-43
MERGED from [com.android.support:support-v4:23.3.0] AndroidManifest.xml:20:5-43
MERGED from [com.jakewharton:butterknife:8.4.0] AndroidManifest.xml:5:5-43
MERGED from [com.jakewharton:butterknife:8.4.0] AndroidManifest.xml:5:5-43
MERGED from [com.trello.rxlifecycle2:rxlifecycle-android:2.0.1] AndroidManifest.xml:17:5-44
MERGED from [com.trello.rxlifecycle2:rxlifecycle-android:2.0.1] AndroidManifest.xml:17:5-44
MERGED from [io.reactivex.rxjava2:rxandroid:2.0.1] AndroidManifest.xml:19:5-43
MERGED from [io.reactivex.rxjava2:rxandroid:2.0.1] AndroidManifest.xml:19:5-43
MERGED from [com.tbruyelle.rxpermissions2:rxpermissions:0.9.3] AndroidManifest.xml:7:5-9:41
MERGED from [com.tbruyelle.rxpermissions2:rxpermissions:0.9.3] AndroidManifest.xml:7:5-9:41
MERGED from [com.github.limedroid:XStateController:v1.1.1] AndroidManifest.xml:7:5-9:41
MERGED from [com.github.limedroid:XStateController:v1.1.1] AndroidManifest.xml:7:5-9:41
INJECTED from src\main\AndroidManifest.xml
INJECTED from src\main\AndroidManifest.xml
	tools:overrideLibrary
		ADDED from [com.android.support:appcompat-v7:23.3.0] AndroidManifest.xml:23:9-75
	android:targetSdkVersion
		INJECTED from src\main\AndroidManifest.xml
		ADDED from src\main\AndroidManifest.xml
		INJECTED from src\main\AndroidManifest.xml
	android:minSdkVersion
		INJECTED from src\main\AndroidManifest.xml
		ADDED from src\main\AndroidManifest.xml
		INJECTED from src\main\AndroidManifest.xml
activity#com.uuzuche.lib_zxing.activity.CaptureActivity
ADDED from [cn.yipianfengye.android:zxing-library:2.1] AndroidManifest.xml:12:9-17:63
	android:screenOrientation
		ADDED from [cn.yipianfengye.android:zxing-library:2.1] AndroidManifest.xml:15:13-49
	android:windowSoftInputMode
		ADDED from [cn.yipianfengye.android:zxing-library:2.1] AndroidManifest.xml:17:13-60
	android:configChanges
		ADDED from [cn.yipianfengye.android:zxing-library:2.1] AndroidManifest.xml:14:13-63
	android:theme
		ADDED from [cn.yipianfengye.android:zxing-library:2.1] AndroidManifest.xml:16:13-63
	android:name
		ADDED from [cn.yipianfengye.android:zxing-library:2.1] AndroidManifest.xml:13:13-74
activity#com.lljjcoder.citylist.CityListSelectActivity
ADDED from [liji.library.dev:citypickerview:2.0.1] AndroidManifest.xml:15:9-16:20
	android:name
		ADDED from [liji.library.dev:citypickerview:2.0.1] AndroidManifest.xml:15:19-79